<?xml version="1.0" encoding="UTF-8"?>
<!-- Generated by org.testng.reporters.JUnitReportReporter -->
<testsuite hostname="LP-R90A5A1X" name="SeleniumLogin" tests="1" failures="0" timestamp="22 May 2017 10:41:32 GMT" time="3.810" errors="0">
  <testcase name="testEasy" time="3.810" classname="SeleniumLogin"/>
</testsuite> <!-- SeleniumLogin -->
